<?xml version="1.0" encoding="UTF-8"?>
<!-- Generated by org.testng.reporters.JUnitXMLReporter -->
<testsuite ignored="0" hostname="Vishnus-MacBook-Air.local" failures="0" tests="4" name="Test" time="6.752" errors="0" timestamp="2023-07-10T21:01:11 EDT">
  <testcase classname="api.test.UserTests" name="test_PostUser" time="3.421"/>
  <testcase classname="api.test.UserTests" name="test_GetUserByName" time="0.353"/>
  <testcase classname="api.test.UserTests" name="test_ModifyUserByName" time="0.545"/>
  <testcase classname="api.test.UserTests" name="test_DeleteUserByName" time="0.226"/>
</testsuite> <!-- Test -->
