<?xml version="1.0" encoding="UTF-8"?>
<!-- Generated by org.testng.reporters.JUnitXMLReporter -->
<testsuite ignored="0" hostname="Vishnus-MacBook-Air.local" failures="0" tests="4" name="Test" time="3.008" errors="0" timestamp="2023-07-11T17:32:47 EDT">
  <testcase classname="api.test.UserTests" name="test_PostUser" time="1.257"/>
  <testcase classname="api.test.UserTests" name="test_GetUserByName" time="0.201"/>
  <testcase classname="api.test.UserTests" name="test_ModifyUserByName" time="0.394"/>
  <testcase classname="api.test.UserTests" name="test_DeleteUserByName" time="0.195"/>
</testsuite> <!-- Test -->
