<?xml version="1.0" encoding="UTF-8"?>
<!-- Generated by org.testng.reporters.JUnitXMLReporter -->
<testsuite ignored="0" hostname="Vishnus-MacBook-Air.local" failures="0" tests="4" name="Test" time="2.853" errors="0" timestamp="2023-07-16T00:56:11 EDT">
  <testcase classname="api.test.UserTests" name="test_PostUser" time="1.186"/>
  <testcase classname="api.test.UserTests" name="test_GetUserByName" time="0.195"/>
  <testcase classname="api.test.UserTests" name="test_ModifyUserByName" time="0.368"/>
  <testcase classname="api.test.UserTests" name="test_DeleteUserByName" time="0.193"/>
</testsuite> <!-- Test -->
