<?xml version="1.0" encoding="UTF-8"?>
<testng-results ignored="0" total="4" passed="4" failed="0" skipped="0">
  <reporter-output>
  </reporter-output>
  <suite started-at="2023-07-11T17:32:44 EDT" name="Suite" finished-at="2023-07-11T17:32:47 EDT" duration-ms="3008">
    <groups>
    </groups>
    <test started-at="2023-07-11T17:32:44 EDT" name="Test" finished-at="2023-07-11T17:32:47 EDT" duration-ms="3008">
      <class name="api.test.UserTests">
        <test-method is-config="true" signature="testInit()[pri:0, instance:api.test.UserTests@51c668e3]" started-at="2023-07-11T17:32:44 EDT" name="testInit" finished-at="2023-07-11T17:32:44 EDT" duration-ms="156" status="PASS">
          <reporter-output>
          </reporter-output>
        </test-method> <!-- testInit -->
        <test-method is-config="true" signature="setUp()[pri:0, instance:api.test.UserTests@51c668e3]" started-at="2023-07-11T17:32:44 EDT" name="setUp" finished-at="2023-07-11T17:32:45 EDT" duration-ms="568" status="PASS">
          <reporter-output>
          </reporter-output>
        </test-method> <!-- setUp -->
        <test-method signature="test_PostUser()[pri:1, instance:api.test.UserTests@51c668e3]" started-at="2023-07-11T17:32:45 EDT" name="test_PostUser" finished-at="2023-07-11T17:32:46 EDT" duration-ms="1257" status="PASS">
          <reporter-output>
          </reporter-output>
        </test-method> <!-- test_PostUser -->
        <test-method signature="test_GetUserByName()[pri:2, instance:api.test.UserTests@51c668e3]" started-at="2023-07-11T17:32:46 EDT" name="test_GetUserByName" finished-at="2023-07-11T17:32:46 EDT" duration-ms="201" status="PASS">
          <reporter-output>
          </reporter-output>
        </test-method> <!-- test_GetUserByName -->
        <test-method signature="test_ModifyUserByName()[pri:3, instance:api.test.UserTests@51c668e3]" started-at="2023-07-11T17:32:46 EDT" name="test_ModifyUserByName" finished-at="2023-07-11T17:32:47 EDT" duration-ms="394" status="PASS">
          <reporter-output>
          </reporter-output>
        </test-method> <!-- test_ModifyUserByName -->
        <test-method signature="test_DeleteUserByName()[pri:4, instance:api.test.UserTests@51c668e3]" started-at="2023-07-11T17:32:47 EDT" name="test_DeleteUserByName" finished-at="2023-07-11T17:32:47 EDT" duration-ms="195" status="PASS">
          <reporter-output>
          </reporter-output>
        </test-method> <!-- test_DeleteUserByName -->
        <test-method is-config="true" signature="onTestEnd()[pri:0, instance:api.test.UserTests@51c668e3]" started-at="2023-07-11T17:32:47 EDT" name="onTestEnd" finished-at="2023-07-11T17:32:47 EDT" duration-ms="209" status="PASS">
          <reporter-output>
          </reporter-output>
        </test-method> <!-- onTestEnd -->
      </class> <!-- api.test.UserTests -->
    </test> <!-- Test -->
  </suite> <!-- Suite -->
</testng-results>
