<?xml version="1.0" encoding="UTF-8"?>
<testsuite xmlns:xsi="http://www.w3.org/2001/XMLSchema-instance" xsi:noNamespaceSchemaLocation="https://maven.apache.org/surefire/maven-surefire-plugin/xsd/surefire-test-report-3.0.xsd" version="3.0" name="TestSuite" time="3.332" tests="4" errors="0" skipped="0" failures="0">
  <properties>
[...]
</properties>
  <testcase name="test_PostUser" classname="api.test.UserTests" time="1.258">
    <system-out><![CDATA[%%%%%%%%%%%%%%% Vishnu %%%%%%%%%%%%%%%%%%
%%%%%%%%%%%%%%% Vishnu %%%%%%%%%%%%%%%%%%
%%%%%%%%%%%%%%% Vishnu %%%%%%%%%%%%%%%%%%
^^^^^^ Test Start
******Post Request*****
HTTP/1.1 200 OK
Date: Tue, 11 Jul 2023 21:32:46 GMT
Content-Type: application/json
Transfer-Encoding: chunked
Connection: keep-alive
Access-Control-Allow-Origin: *
Access-Control-Allow-Methods: GET, POST, DELETE, PUT
Access-Control-Allow-Headers: Content-Type, api_key, Authorization
Server: Jetty(9.2.9.v20150224)

{
    "code": 200,
    "type": "unknown",
    "message": "1495608502"
}
]]></system-out>
    <system-err><![CDATA[SLF4J: Failed to load class "org.slf4j.impl.StaticLoggerBinder".
SLF4J: Defaulting to no-operation (NOP) logger implementation
SLF4J: See http://www.slf4j.org/codes.html#StaticLoggerBinder for further details.
]]></system-err>
  </testcase>
  <testcase name="test_GetUserByName" classname="api.test.UserTests" time="0.2">
    <system-out><![CDATA[{Thread[main,5,main]=[Ljava.lang.StackTraceElement;@4f9980e1, Thread[surefire-forkedjvm-stream-flusher,5,main]=[Ljava.lang.StackTraceElement;@1f6e6f50, Thread[ForkJoinPool.commonPool-worker-7,5,main]=[Ljava.lang.StackTraceElement;@1f7fcec2, Thread[Reference Handler,10,system]=[Ljava.lang.StackTraceElement;@796cf2b5, Thread[ForkJoinPool.commonPool-worker-3,5,main]=[Ljava.lang.StackTraceElement;@7a71ebf1, Thread[ForkJoinPool.commonPool-worker-9,5,main]=[Ljava.lang.StackTraceElement;@16890f00, Thread[Signal Dispatcher,9,system]=[Ljava.lang.StackTraceElement;@77e1dacd, Thread[Common-Cleaner,8,InnocuousThreadGroup]=[Ljava.lang.StackTraceElement;@690677de, Thread[Finalizer,8,system]=[Ljava.lang.StackTraceElement;@1c5d376c, Thread[ForkJoinPool.commonPool-worker-5,5,main]=[Ljava.lang.StackTraceElement;@42f2cae8, Thread[surefire-forkedjvm-command-thread,5,main]=[Ljava.lang.StackTraceElement;@3bbc47c9}
*****Get Request*******
HTTP/1.1 200 OK
Date: Tue, 11 Jul 2023 21:32:46 GMT
Content-Type: application/json
Transfer-Encoding: chunked
Connection: keep-alive
Access-Control-Allow-Origin: *
Access-Control-Allow-Methods: GET, POST, DELETE, PUT
Access-Control-Allow-Headers: Content-Type, api_key, Authorization
Server: Jetty(9.2.9.v20150224)

{
    "id": 1495608502,
    "username": "frankie.hoppe",
    "firstName": "Deidra",
    "lastName": "Keeling",
    "email": "maddie.ernser@gmail.com",
    "password": "4i2p7ysdv3",
    "phone": "554-460-4204",
    "userStatus": 0
}
]]></system-out>
  </testcase>
  <testcase name="test_ModifyUserByName" classname="api.test.UserTests" time="0.395">
    <system-out><![CDATA[******* Put Request*******
HTTP/1.1 200 OK
Date: Tue, 11 Jul 2023 21:32:46 GMT
Content-Type: application/json
Transfer-Encoding: chunked
Connection: keep-alive
Access-Control-Allow-Origin: *
Access-Control-Allow-Methods: GET, POST, DELETE, PUT
Access-Control-Allow-Headers: Content-Type, api_key, Authorization
Server: Jetty(9.2.9.v20150224)

{
    "code": 200,
    "type": "unknown",
    "message": "1495608502"
}
HTTP/1.1 200 OK
Date: Tue, 11 Jul 2023 21:32:47 GMT
Content-Type: application/json
Transfer-Encoding: chunked
Connection: keep-alive
Access-Control-Allow-Origin: *
Access-Control-Allow-Methods: GET, POST, DELETE, PUT
Access-Control-Allow-Headers: Content-Type, api_key, Authorization
Server: Jetty(9.2.9.v20150224)

{
    "id": 1495608502,
    "username": "frankie.hoppe",
    "firstName": "Deidra",
    "lastName": "Keeling",
    "email": "Vishnu.Vardhan@wipro.com",
    "password": "4i2p7ysdv3",
    "phone": "554-460-4204",
    "userStatus": 0
}
]]></system-out>
  </testcase>
  <testcase name="test_DeleteUserByName" classname="api.test.UserTests" time="0.196">
    <system-out><![CDATA[******* Delete Request*******
HTTP/1.1 200 OK
Date: Tue, 11 Jul 2023 21:32:47 GMT
Content-Type: application/json
Transfer-Encoding: chunked
Connection: keep-alive
Access-Control-Allow-Origin: *
Access-Control-Allow-Methods: GET, POST, DELETE, PUT
Access-Control-Allow-Headers: Content-Type, api_key, Authorization
Server: Jetty(9.2.9.v20150224)

{
    "code": 200,
    "type": "unknown",
    "message": "frankie.hoppe"
}
]]></system-out>
  </testcase>
</testsuite>