<?xml version="1.0" encoding="UTF-8"?>
<testng-results ignored="0" total="4" passed="4" failed="0" skipped="0">
  <reporter-output>
  </reporter-output>
  <suite started-at="2023-07-16T00:56:08 EDT" name="Suite" finished-at="2023-07-16T00:56:11 EDT" duration-ms="2853">
    <groups>
    </groups>
    <test started-at="2023-07-16T00:56:08 EDT" name="Test" finished-at="2023-07-16T00:56:11 EDT" duration-ms="2853">
      <class name="api.test.UserTests">
        <test-method is-config="true" signature="testInit()[pri:0, instance:api.test.UserTests@43301423]" started-at="2023-07-16T00:56:08 EDT" name="testInit" finished-at="2023-07-16T00:56:09 EDT" duration-ms="121" status="PASS">
          <reporter-output>
          </reporter-output>
        </test-method> <!-- testInit -->
        <test-method is-config="true" signature="setUp()[pri:0, instance:api.test.UserTests@43301423]" started-at="2023-07-16T00:56:09 EDT" name="setUp" finished-at="2023-07-16T00:56:09 EDT" duration-ms="543" status="PASS">
          <reporter-output>
          </reporter-output>
        </test-method> <!-- setUp -->
        <test-method signature="test_PostUser()[pri:1, instance:api.test.UserTests@43301423]" started-at="2023-07-16T00:56:09 EDT" name="test_PostUser" finished-at="2023-07-16T00:56:10 EDT" duration-ms="1186" status="PASS">
          <reporter-output>
          </reporter-output>
        </test-method> <!-- test_PostUser -->
        <test-method signature="test_GetUserByName()[pri:2, instance:api.test.UserTests@43301423]" started-at="2023-07-16T00:56:10 EDT" name="test_GetUserByName" finished-at="2023-07-16T00:56:10 EDT" duration-ms="195" status="PASS">
          <reporter-output>
          </reporter-output>
        </test-method> <!-- test_GetUserByName -->
        <test-method signature="test_ModifyUserByName()[pri:3, instance:api.test.UserTests@43301423]" started-at="2023-07-16T00:56:10 EDT" name="test_ModifyUserByName" finished-at="2023-07-16T00:56:11 EDT" duration-ms="368" status="PASS">
          <reporter-output>
          </reporter-output>
        </test-method> <!-- test_ModifyUserByName -->
        <test-method signature="test_DeleteUserByName()[pri:4, instance:api.test.UserTests@43301423]" started-at="2023-07-16T00:56:11 EDT" name="test_DeleteUserByName" finished-at="2023-07-16T00:56:11 EDT" duration-ms="193" status="PASS">
          <reporter-output>
          </reporter-output>
        </test-method> <!-- test_DeleteUserByName -->
        <test-method is-config="true" signature="onTestEnd()[pri:0, instance:api.test.UserTests@43301423]" started-at="2023-07-16T00:56:11 EDT" name="onTestEnd" finished-at="2023-07-16T00:56:11 EDT" duration-ms="229" status="PASS">
          <reporter-output>
          </reporter-output>
        </test-method> <!-- onTestEnd -->
      </class> <!-- api.test.UserTests -->
    </test> <!-- Test -->
  </suite> <!-- Suite -->
</testng-results>
