<?xml version="1.0" encoding="UTF-8"?>
<testsuite xmlns:xsi="http://www.w3.org/2001/XMLSchema-instance" xsi:noNamespaceSchemaLocation="https://maven.apache.org/surefire/maven-surefire-plugin/xsd/surefire-test-report-3.0.xsd" version="3.0" name="TestSuite" time="3.141" tests="4" errors="0" skipped="0" failures="0">
  <properties>
[...]
</properties>
  <testcase name="test_PostUser" classname="api.test.UserTests" time="1.186">
    <system-out><![CDATA[%%%%%%%%%%%%%%% Vishnu %%%%%%%%%%%%%%%%%%
%%%%%%%%%%%%%%% Vishnu %%%%%%%%%%%%%%%%%%
%%%%%%%%%%%%%%% Vishnu %%%%%%%%%%%%%%%%%%
^^^^^^ Test Start
^^^^^^ Test Start
******Post Request*****
HTTP/1.1 200 OK
Date: Sun, 16 Jul 2023 04:56:10 GMT
Content-Type: application/json
Transfer-Encoding: chunked
Connection: keep-alive
Access-Control-Allow-Origin: *
Access-Control-Allow-Methods: GET, POST, DELETE, PUT
Access-Control-Allow-Headers: Content-Type, api_key, Authorization
Server: Jetty(9.2.9.v20150224)

{
    "code": 200,
    "type": "unknown",
    "message": "616674002"
}
]]></system-out>
    <system-err><![CDATA[SLF4J: Failed to load class "org.slf4j.impl.StaticLoggerBinder".
SLF4J: Defaulting to no-operation (NOP) logger implementation
SLF4J: See http://www.slf4j.org/codes.html#StaticLoggerBinder for further details.
]]></system-err>
  </testcase>
  <testcase name="test_GetUserByName" classname="api.test.UserTests" time="0.195">
    <system-out><![CDATA[{Thread[#22,surefire-forkedjvm-command-thread,5,main]=[Ljava.lang.StackTraceElement;@23c00420, Thread[#24,ForkJoinPool.commonPool-worker-2,5,main]=[Ljava.lang.StackTraceElement;@22f046b, Thread[#26,ForkJoinPool.commonPool-worker-4,5,main]=[Ljava.lang.StackTraceElement;@215a329c, Thread[#10,Signal Dispatcher,9,system]=[Ljava.lang.StackTraceElement;@20723ee, Thread[#20,surefire-forkedjvm-stream-flusher,5,main]=[Ljava.lang.StackTraceElement;@21c5c68a, Thread[#25,ForkJoinPool.commonPool-worker-3,5,main]=[Ljava.lang.StackTraceElement;@5bb39285, Thread[#19,Common-Cleaner,8,InnocuousThreadGroup]=[Ljava.lang.StackTraceElement;@2b0d85bd, Thread[#1,main,5,main]=[Ljava.lang.StackTraceElement;@102ecb61, Thread[#8,Reference Handler,10,system]=[Ljava.lang.StackTraceElement;@1fd0ae78, Thread[#9,Finalizer,8,system]=[Ljava.lang.StackTraceElement;@583030bd, Thread[#17,Notification Thread,9,system]=[Ljava.lang.StackTraceElement;@1f57666b, Thread[#23,ForkJoinPool.commonPool-worker-1,5,main]=[Ljava.lang.StackTraceElement;@7944c323}
*****Get Request*******
HTTP/1.1 200 OK
Date: Sun, 16 Jul 2023 04:56:11 GMT
Content-Type: application/json
Transfer-Encoding: chunked
Connection: keep-alive
Access-Control-Allow-Origin: *
Access-Control-Allow-Methods: GET, POST, DELETE, PUT
Access-Control-Allow-Headers: Content-Type, api_key, Authorization
Server: Jetty(9.2.9.v20150224)

{
    "id": 616674002,
    "username": "florinda.halvorson",
    "firstName": "Lachelle",
    "lastName": "Harvey",
    "email": "everette.macgyver@yahoo.com",
    "password": "r8ui1fc1n",
    "phone": "231-077-4356",
    "userStatus": 0
}
]]></system-out>
  </testcase>
  <testcase name="test_ModifyUserByName" classname="api.test.UserTests" time="0.37">
    <system-out><![CDATA[******* Put Request*******
HTTP/1.1 200 OK
Date: Sun, 16 Jul 2023 04:56:11 GMT
Content-Type: application/json
Transfer-Encoding: chunked
Connection: keep-alive
Access-Control-Allow-Origin: *
Access-Control-Allow-Methods: GET, POST, DELETE, PUT
Access-Control-Allow-Headers: Content-Type, api_key, Authorization
Server: Jetty(9.2.9.v20150224)

{
    "code": 200,
    "type": "unknown",
    "message": "616674002"
}
HTTP/1.1 200 OK
Date: Sun, 16 Jul 2023 04:56:11 GMT
Content-Type: application/json
Transfer-Encoding: chunked
Connection: keep-alive
Access-Control-Allow-Origin: *
Access-Control-Allow-Methods: GET, POST, DELETE, PUT
Access-Control-Allow-Headers: Content-Type, api_key, Authorization
Server: Jetty(9.2.9.v20150224)

{
    "id": 616674002,
    "username": "florinda.halvorson",
    "firstName": "Lachelle",
    "lastName": "Harvey",
    "email": "Vishnu.Vardhan@wipro.com",
    "password": "r8ui1fc1n",
    "phone": "231-077-4356",
    "userStatus": 0
}
]]></system-out>
  </testcase>
  <testcase name="test_DeleteUserByName" classname="api.test.UserTests" time="0.192">
    <system-out><![CDATA[******* Delete Request*******
HTTP/1.1 200 OK
Date: Sun, 16 Jul 2023 04:56:11 GMT
Content-Type: application/json
Transfer-Encoding: chunked
Connection: keep-alive
Access-Control-Allow-Origin: *
Access-Control-Allow-Methods: GET, POST, DELETE, PUT
Access-Control-Allow-Headers: Content-Type, api_key, Authorization
Server: Jetty(9.2.9.v20150224)

{
    "code": 200,
    "type": "unknown",
    "message": "florinda.halvorson"
}
]]></system-out>
  </testcase>
</testsuite>