<?xml version="1.0" encoding="UTF-8"?>
<!-- Generated by org.testng.reporters.JUnitXMLReporter -->
<testsuite ignored="0" hostname="Vishnus-MacBook-Air.local" failures="0" tests="4" name="Test2" time="4.841" errors="0" timestamp="2023-07-10T18:30:37 EDT">
  <testcase classname="api.test.UserTests2" name="test_PostUser" time="3.31"/>
  <testcase classname="api.test.UserTests2" name="test_GetUserByName" time="0.501"/>
  <testcase classname="api.test.UserTests2" name="test_ModifyUserByName" time="0.437"/>
  <testcase classname="api.test.UserTests2" name="test_DeleteUserByName" time="0.224"/>
</testsuite> <!-- Test2 -->
